[90m2026-05-29T16:59:26+08:00[0m [32mINF[0m [1mgateway ready[0m [36mconfig=[0m/home/ubuntu/trading_matchengine/configs/gateway.json [36mhttp_listen=[0m:8080 [36mkline_grpc_addr=[0mlocalhost:50053 [36mmarketdata_grpc_addr=[0mlocalhost:50052 [36morder_grpc_addr=[0mlocalhost:50051 [36mservice=[0mgateway
[90m2026-05-29T17:01:14+08:00[0m [32mINF[0m [1mhttp access[0m [36mlatency=[0m0.051249 [36mmethod=[0mGET [36mpath=[0m/v1/health [36mrequest_id=[0m484bc009-dc1d-48f3-83dd-79c85261a214 [36mservice=[0mgateway [36mstatus=[0m200
[90m2026-05-29T17:01:14+08:00[0m [32mINF[0m [1mhttp access[0m [36mlatency=[0m0.027226 [36mmethod=[0mGET [36mpath=[0m/v1/time [36mrequest_id=[0mc476cff4-804a-41a5-bfe7-2958b20cd839 [36mservice=[0mgateway [36mstatus=[0m200
[90m2026-05-29T17:01:14+08:00[0m [32mINF[0m [1mhttp access[0m [36mlatency=[0m9.994333 [36mmethod=[0mPOST [36mpath=[0m/v1/balances [36mrequest_id=[0m8fdbb672-ba61-4826-97f6-8e0cc1ab8f12 [36mservice=[0mgateway [36mstatus=[0m200
[90m2026-05-29T17:01:14+08:00[0m [32mINF[0m [1mhttp access[0m [36mlatency=[0m3.438006 [36mmethod=[0mPOST [36mpath=[0m/v1/balances [36mrequest_id=[0m8bbd4be2-3017-40c3-8527-2019b9f0a311 [36mservice=[0mgateway [36mstatus=[0m200
[90m2026-05-29T17:01:14+08:00[0m [32mINF[0m [1mhttp access[0m [36mlatency=[0m2.52529 [36mmethod=[0mPOST [36mpath=[0m/v1/balances [36mrequest_id=[0m4965515a-8c9a-428a-b50c-a35024ce10c5 [36mservice=[0mgateway [36mstatus=[0m200
[90m2026-05-29T17:01:14+08:00[0m [32mINF[0m [1mhttp access[0m [36mlatency=[0m2.540944 [36mmethod=[0mPOST [36mpath=[0m/v1/balances [36mrequest_id=[0ma1772679-51a1-45ff-a702-a94cd21c4ec3 [36mservice=[0mgateway [36mstatus=[0m200
[90m2026-05-29T17:01:14+08:00[0m [32mINF[0m [1mList Balances request[0m [36mservice=[0mgateway [36muser_id=[0m1
[90m2026-05-29T17:01:14+08:00[0m [32mINF[0m [1mhttp access[0m [36mlatency=[0m1.482356 [36mmethod=[0mGET [36mpath=[0m/v1/balances [36mrequest_id=[0me3082a12-4bbe-4cab-9d21-09ff68a171a4 [36mservice=[0mgateway [36mstatus=[0m200
[90m2026-05-29T17:01:14+08:00[0m [32mINF[0m [1mhttp access[0m [36mlatency=[0m0.868359 [36mmethod=[0mGET [36mpath=[0m/v1/balances/USDT [36mrequest_id=[0m1931c5d7-059a-4d13-9fbb-5a0e6087cb33 [36mservice=[0mgateway [36mstatus=[0m200
[90m2026-05-29T17:01:14+08:00[0m [32mINF[0m [1mList Balances request[0m [36mservice=[0mgateway [36muser_id=[0m2
[90m2026-05-29T17:01:14+08:00[0m [32mINF[0m [1mhttp access[0m [36mlatency=[0m0.770159 [36mmethod=[0mGET [36mpath=[0m/v1/balances [36mrequest_id=[0m7c321f0f-fd7b-4464-b641-11709152d601 [36mservice=[0mgateway [36mstatus=[0m200
[90m2026-05-29T17:01:14+08:00[0m [32mINF[0m [1mhttp access[0m [36mlatency=[0m1.140511 [36mmethod=[0mGET [36mpath=[0m/v1/balances/BTC [36mrequest_id=[0m573c5315-8228-4f71-b635-d2c8c2a7ea0a [36mservice=[0mgateway [36mstatus=[0m200
[90m2026-05-29T17:01:14+08:00[0m [32mINF[0m [1mhttp access[0m [36mlatency=[0m8.941956 [36mmethod=[0mPOST [36mpath=[0m/v1/orders [36mrequest_id=[0mdb317ef7-1519-4df2-9b1f-aa91a3559f4a [36mservice=[0mgateway [36mstatus=[0m201
[90m2026-05-29T17:01:16+08:00[0m [32mINF[0m [1mhttp access[0m [36mlatency=[0m4.688992 [36mmethod=[0mGET [36mpath=[0m/v1/market/depth [36mrequest_id=[0m01bea8f7-2f13-40fd-a4f2-66db9b9471f3 [36mservice=[0mgateway [36mstatus=[0m200
[90m2026-05-29T17:01:16+08:00[0m [32mINF[0m [1mhttp access[0m [36mlatency=[0m6.90849 [36mmethod=[0mPOST [36mpath=[0m/v1/orders [36mrequest_id=[0m026c959a-5e27-49e2-a276-86daa3ad7a5d [36mservice=[0mgateway [36mstatus=[0m201
[90m2026-05-29T17:01:18+08:00[0m [32mINF[0m [1mhttp access[0m [36mlatency=[0m6.595499 [36mmethod=[0mPOST [36mpath=[0m/v1/orders [36mrequest_id=[0m1f9e2b65-7e33-467f-a88b-febdbfc50294 [36mservice=[0mgateway [36mstatus=[0m201
[90m2026-05-29T17:01:20+08:00[0m [32mINF[0m [1mhttp access[0m [36mlatency=[0m13.673824 [36mmethod=[0mPOST [36mpath=[0m/v1/orders [36mrequest_id=[0m19038231-8fd0-498e-8ed0-23aa257af52d [36mservice=[0mgateway [36mstatus=[0m201
[90m2026-05-29T17:01:22+08:00[0m [32mINF[0m [1mhttp access[0m [36mlatency=[0m9.046999 [36mmethod=[0mGET [36mpath=[0m/v1/market/depth [36mrequest_id=[0m6b2bffe3-beb8-498b-8402-9009cedef395 [36mservice=[0mgateway [36mstatus=[0m200
[90m2026-05-29T17:01:22+08:00[0m [32mINF[0m [1mhttp access[0m [36mlatency=[0m0.544608 [36mmethod=[0mGET [36mpath=[0m/v1/market/ticker [36mrequest_id=[0m6822c2b4-fe2c-4b26-9648-8752b36e3e11 [36mservice=[0mgateway [36mstatus=[0m200
[90m2026-05-29T17:01:22+08:00[0m [32mINF[0m [1mhttp access[0m [36mlatency=[0m3.508929 [36mmethod=[0mGET [36mpath=[0m/v1/klines [36mrequest_id=[0mdfe304d8-c389-493d-ac5e-5372c78b4014 [36mservice=[0mgateway [36mstatus=[0m200
[90m2026-05-29T17:01:22+08:00[0m [32mINF[0m [1mhttp access[0m [36mlatency=[0m1.749305 [36mmethod=[0mGET [36mpath=[0m/v1/klines [36mrequest_id=[0m2067939f-528f-4571-91a0-3e6ef3e71186 [36mservice=[0mgateway [36mstatus=[0m200
[90m2026-05-29T17:01:22+08:00[0m [32mINF[0m [1mhttp access[0m [36mlatency=[0m1.76784 [36mmethod=[0mGET [36mpath=[0m/v1/orders [36mrequest_id=[0md1a43844-a466-49ba-b089-718068852834 [36mservice=[0mgateway [36mstatus=[0m200
[90m2026-05-29T17:01:22+08:00[0m [32mINF[0m [1mhttp access[0m [36mlatency=[0m1.33028 [36mmethod=[0mGET [36mpath=[0m/v1/orders/2 [36mrequest_id=[0m7303e3c4-f1e2-466a-b298-1d413defcbef [36mservice=[0mgateway [36mstatus=[0m200
[90m2026-05-29T17:01:22+08:00[0m [32mINF[0m [1mList Balances request[0m [36mservice=[0mgateway [36muser_id=[0m1
[90m2026-05-29T17:01:22+08:00[0m [32mINF[0m [1mhttp access[0m [36mlatency=[0m1.47636 [36mmethod=[0mGET [36mpath=[0m/v1/balances [36mrequest_id=[0m6ea8f29c-0ac0-4a66-81ae-cc60bd63cfc0 [36mservice=[0mgateway [36mstatus=[0m200
[90m2026-05-29T17:01:22+08:00[0m [32mINF[0m [1mhttp access[0m [36mlatency=[0m0.714924 [36mmethod=[0mGET [36mpath=[0m/v1/balances/USDT [36mrequest_id=[0m46375422-fe36-4e8d-b6fc-46a436714f15 [36mservice=[0mgateway [36mstatus=[0m200
[90m2026-05-29T17:01:22+08:00[0m [32mINF[0m [1mList Balances request[0m [36mservice=[0mgateway [36muser_id=[0m2
[90m2026-05-29T17:01:22+08:00[0m [32mINF[0m [1mhttp access[0m [36mlatency=[0m0.882609 [36mmethod=[0mGET [36mpath=[0m/v1/balances [36mrequest_id=[0m576d9662-fd39-4f80-87e8-c8a57159b161 [36mservice=[0mgateway [36mstatus=[0m200
[90m2026-05-29T17:01:22+08:00[0m [32mINF[0m [1mhttp access[0m [36mlatency=[0m0.80731 [36mmethod=[0mGET [36mpath=[0m/v1/balances/BTC [36mrequest_id=[0m3c7c5d19-897c-4c86-a978-8e56a87d2a4f [36mservice=[0mgateway [36mstatus=[0m200
[90m2026-05-29T17:01:47+08:00[0m [32mINF[0m [1mhttp access[0m [36mlatency=[0m0.294694 [36mmethod=[0mGET [36mpath=[0m/v1/market/depth [36mrequest_id=[0m62fb532c-75e3-41c8-b278-95cd8013b93f [36mservice=[0mgateway [36mstatus=[0m200
[90m2026-05-29T17:01:47+08:00[0m [32mINF[0m [1mhttp access[0m [36mlatency=[0m0.381197 [36mmethod=[0mGET [36mpath=[0m/v1/market/ticker [36mrequest_id=[0mb6f5b7cf-aa1f-4a79-84f3-56008e7580b4 [36mservice=[0mgateway [36mstatus=[0m200
[90m2026-05-29T17:01:47+08:00[0m [32mINF[0m [1mhttp access[0m [36mlatency=[0m0.943069 [36mmethod=[0mGET [36mpath=[0m/v1/klines [36mrequest_id=[0m07831656-2f02-408b-b68b-8350d1ca3fa9 [36mservice=[0mgateway [36mstatus=[0m200
[90m2026-05-29T17:01:47+08:00[0m [32mINF[0m [1mhttp access[0m [36mlatency=[0m0.800694 [36mmethod=[0mGET [36mpath=[0m/v1/klines [36mrequest_id=[0m2399848a-3694-4092-9b06-a9840f5d6cff [36mservice=[0mgateway [36mstatus=[0m200
[90m2026-05-29T17:01:47+08:00[0m [32mINF[0m [1mhttp access[0m [36mlatency=[0m1.195144 [36mmethod=[0mGET [36mpath=[0m/v1/orders [36mrequest_id=[0mcbe065e8-662e-4053-898c-c1e5a278b0c8 [36mservice=[0mgateway [36mstatus=[0m200
[90m2026-05-29T17:01:48+08:00[0m [32mINF[0m [1mList Balances request[0m [36mservice=[0mgateway [36muser_id=[0m1
[90m2026-05-29T17:01:48+08:00[0m [32mINF[0m [1mhttp access[0m [36mlatency=[0m1.583982 [36mmethod=[0mGET [36mpath=[0m/v1/balances [36mrequest_id=[0mfc18326b-75cb-47a4-a3ea-143e72b0c7c7 [36mservice=[0mgateway [36mstatus=[0m200
[90m2026-05-29T17:01:48+08:00[0m [32mINF[0m [1mhttp access[0m [36mlatency=[0m0.883149 [36mmethod=[0mGET [36mpath=[0m/v1/balances/USDT [36mrequest_id=[0m97bfa2ac-b11b-411b-b537-e6ee9ff1389b [36mservice=[0mgateway [36mstatus=[0m200
[90m2026-05-29T17:01:48+08:00[0m [32mINF[0m [1mList Balances request[0m [36mservice=[0mgateway [36muser_id=[0m2
[90m2026-05-29T17:01:48+08:00[0m [32mINF[0m [1mhttp access[0m [36mlatency=[0m0.945153 [36mmethod=[0mGET [36mpath=[0m/v1/balances [36mrequest_id=[0m8e9d46f8-eb62-4b4b-a4a9-43858ab5aa6c [36mservice=[0mgateway [36mstatus=[0m200
[90m2026-05-29T17:01:48+08:00[0m [32mINF[0m [1mhttp access[0m [36mlatency=[0m0.685169 [36mmethod=[0mGET [36mpath=[0m/v1/balances/BTC [36mrequest_id=[0me4a8a24d-3bfa-4419-be95-4678443352fe [36mservice=[0mgateway [36mstatus=[0m200
[90m2026-05-29T17:01:49+08:00[0m [32mINF[0m [1mhttp access[0m [36mlatency=[0m0.343435 [36mmethod=[0mGET [36mpath=[0m/v1/market/depth [36mrequest_id=[0m966d6794-1616-461b-8647-424d70e5b226 [36mservice=[0mgateway [36mstatus=[0m200
[90m2026-05-29T17:01:49+08:00[0m [32mINF[0m [1mhttp access[0m [36mlatency=[0m0.363262 [36mmethod=[0mGET [36mpath=[0m/v1/market/ticker [36mrequest_id=[0m06404c10-8e0d-43cb-b0ca-b2e1f7412d63 [36mservice=[0mgateway [36mstatus=[0m200
[90m2026-05-29T17:01:49+08:00[0m [32mINF[0m [1mhttp access[0m [36mlatency=[0m1.137936 [36mmethod=[0mGET [36mpath=[0m/v1/klines [36mrequest_id=[0mf62d5da1-541c-411b-b625-bd9b13e0f5e8 [36mservice=[0mgateway [36mstatus=[0m200
[90m2026-05-29T17:01:49+08:00[0m [32mINF[0m [1mhttp access[0m [36mlatency=[0m0.748539 [36mmethod=[0mGET [36mpath=[0m/v1/klines [36mrequest_id=[0m256cb8da-4194-4c33-afd0-9bb69b6ba3d0 [36mservice=[0mgateway [36mstatus=[0m200
[90m2026-05-29T17:01:49+08:00[0m [32mINF[0m [1mhttp access[0m [36mlatency=[0m0.832422 [36mmethod=[0mGET [36mpath=[0m/v1/orders [36mrequest_id=[0m51fe4635-34a9-454b-8e79-15922a990596 [36mservice=[0mgateway [36mstatus=[0m200
[90m2026-05-29T17:01:49+08:00[0m [32mINF[0m [1mList Balances request[0m [36mservice=[0mgateway [36muser_id=[0m1
[90m2026-05-29T17:01:49+08:00[0m [32mINF[0m [1mhttp access[0m [36mlatency=[0m0.757312 [36mmethod=[0mGET [36mpath=[0m/v1/balances [36mrequest_id=[0m719a6e1b-5fad-4c30-b409-16d6426289b6 [36mservice=[0mgateway [36mstatus=[0m200
[90m2026-05-29T17:01:49+08:00[0m [32mINF[0m [1mhttp access[0m [36mlatency=[0m0.812209 [36mmethod=[0mGET [36mpath=[0m/v1/balances/USDT [36mrequest_id=[0mfffccfbf-c8df-499f-af89-f3da10030fe7 [36mservice=[0mgateway [36mstatus=[0m200
[90m2026-05-29T17:01:49+08:00[0m [32mINF[0m [1mList Balances request[0m [36mservice=[0mgateway [36muser_id=[0m2
[90m2026-05-29T17:01:49+08:00[0m [32mINF[0m [1mhttp access[0m [36mlatency=[0m0.875146 [36mmethod=[0mGET [36mpath=[0m/v1/balances [36mrequest_id=[0m0bb453b9-f6ab-453c-a1d8-1dd393334127 [36mservice=[0mgateway [36mstatus=[0m200
[90m2026-05-29T17:01:49+08:00[0m [32mINF[0m [1mhttp access[0m [36mlatency=[0m0.686939 [36mmethod=[0mGET [36mpath=[0m/v1/balances/BTC [36mrequest_id=[0ma7c19189-a876-456e-93d2-901785d79bd1 [36mservice=[0mgateway [36mstatus=[0m200
[90m2026-05-29T17:01:57+08:00[0m [32mINF[0m [1mhttp access[0m [36mlatency=[0m0.383226 [36mmethod=[0mGET [36mpath=[0m/v1/market/depth [36mrequest_id=[0mcc9f34cd-8228-4063-9789-ef14f9565b52 [36mservice=[0mgateway [36mstatus=[0m200
[90m2026-05-29T17:01:57+08:00[0m [32mINF[0m [1mhttp access[0m [36mlatency=[0m0.332152 [36mmethod=[0mGET [36mpath=[0m/v1/market/ticker [36mrequest_id=[0m78c90eb6-86b8-437b-9274-1e4a47225ac3 [36mservice=[0mgateway [36mstatus=[0m200
[90m2026-05-29T17:01:57+08:00[0m [32mINF[0m [1mhttp access[0m [36mlatency=[0m0.851674 [36mmethod=[0mGET [36mpath=[0m/v1/klines [36mrequest_id=[0me54c7a45-edae-4813-8c12-d1fadf428cb9 [36mservice=[0mgateway [36mstatus=[0m200
[90m2026-05-29T17:01:57+08:00[0m [32mINF[0m [1mhttp access[0m [36mlatency=[0m1.029561 [36mmethod=[0mGET [36mpath=[0m/v1/klines [36mrequest_id=[0m36beb4f7-4b14-4747-af97-c9fe7fdec016 [36mservice=[0mgateway [36mstatus=[0m200
[90m2026-05-29T17:01:57+08:00[0m [32mINF[0m [1mhttp access[0m [36mlatency=[0m0.818659 [36mmethod=[0mGET [36mpath=[0m/v1/orders [36mrequest_id=[0ma447b62a-70fd-406f-b70a-6a6ac6125900 [36mservice=[0mgateway [36mstatus=[0m200
[90m2026-05-29T17:01:57+08:00[0m [32mINF[0m [1mList Balances request[0m [36mservice=[0mgateway [36muser_id=[0m1
[90m2026-05-29T17:01:57+08:00[0m [32mINF[0m [1mhttp access[0m [36mlatency=[0m0.738907 [36mmethod=[0mGET [36mpath=[0m/v1/balances [36mrequest_id=[0m29e084d9-fd75-4b00-95ce-e9bf671ac476 [36mservice=[0mgateway [36mstatus=[0m200
[90m2026-05-29T17:01:57+08:00[0m [32mINF[0m [1mhttp access[0m [36mlatency=[0m0.567773 [36mmethod=[0mGET [36mpath=[0m/v1/balances/USDT [36mrequest_id=[0mf7ab7f5a-a610-4340-8216-e84125184371 [36mservice=[0mgateway [36mstatus=[0m200
[90m2026-05-29T17:01:57+08:00[0m [32mINF[0m [1mList Balances request[0m [36mservice=[0mgateway [36muser_id=[0m2
[90m2026-05-29T17:01:57+08:00[0m [32mINF[0m [1mhttp access[0m [36mlatency=[0m0.555162 [36mmethod=[0mGET [36mpath=[0m/v1/balances [36mrequest_id=[0m51c6d1ec-dcc5-454b-bb2d-f082acd3e0c8 [36mservice=[0mgateway [36mstatus=[0m200
[90m2026-05-29T17:01:57+08:00[0m [32mINF[0m [1mhttp access[0m [36mlatency=[0m0.571794 [36mmethod=[0mGET [36mpath=[0m/v1/balances/BTC [36mrequest_id=[0m82293bf2-dd88-49bd-89b1-e381bb8feb1e [36mservice=[0mgateway [36mstatus=[0m200
[90m2026-05-29T17:01:58+08:00[0m [32mINF[0m [1mhttp access[0m [36mlatency=[0m0.338559 [36mmethod=[0mGET [36mpath=[0m/v1/market/depth [36mrequest_id=[0m4e8a1694-88c3-4935-9e88-afad4e891fb7 [36mservice=[0mgateway [36mstatus=[0m200
[90m2026-05-29T17:01:58+08:00[0m [32mINF[0m [1mhttp access[0m [36mlatency=[0m0.305134 [36mmethod=[0mGET [36mpath=[0m/v1/market/ticker [36mrequest_id=[0m5081ac7d-f1c1-482d-9161-9c3c93cdfca1 [36mservice=[0mgateway [36mstatus=[0m200
[90m2026-05-29T17:01:58+08:00[0m [32mINF[0m [1mhttp access[0m [36mlatency=[0m0.88433 [36mmethod=[0mGET [36mpath=[0m/v1/klines [36mrequest_id=[0m543b4e95-11b5-4445-b9bd-4d6cc2dc2c53 [36mservice=[0mgateway [36mstatus=[0m200
[90m2026-05-29T17:01:58+08:00[0m [32mINF[0m [1mhttp access[0m [36mlatency=[0m0.685958 [36mmethod=[0mGET [36mpath=[0m/v1/klines [36mrequest_id=[0m2016fee1-33ed-464f-907a-3bd8f4f921b6 [36mservice=[0mgateway [36mstatus=[0m200
[90m2026-05-29T17:01:58+08:00[0m [32mINF[0m [1mhttp access[0m [36mlatency=[0m0.821895 [36mmethod=[0mGET [36mpath=[0m/v1/orders [36mrequest_id=[0m14b6034b-1e73-47c4-960f-1662eab53e53 [36mservice=[0mgateway [36mstatus=[0m200
[90m2026-05-29T17:01:58+08:00[0m [32mINF[0m [1mList Balances request[0m [36mservice=[0mgateway [36muser_id=[0m1
[90m2026-05-29T17:01:58+08:00[0m [32mINF[0m [1mhttp access[0m [36mlatency=[0m0.723509 [36mmethod=[0mGET [36mpath=[0m/v1/balances [36mrequest_id=[0m3f77324b-7a34-444a-bb29-ad8b60c11002 [36mservice=[0mgateway [36mstatus=[0m200
[90m2026-05-29T17:01:58+08:00[0m [32mINF[0m [1mhttp access[0m [36mlatency=[0m0.638157 [36mmethod=[0mGET [36mpath=[0m/v1/balances/USDT [36mrequest_id=[0m8a8df7ec-b3a3-42b8-8146-7a96680669e8 [36mservice=[0mgateway [36mstatus=[0m200
[90m2026-05-29T17:01:58+08:00[0m [32mINF[0m [1mList Balances request[0m [36mservice=[0mgateway [36muser_id=[0m2
[90m2026-05-29T17:01:58+08:00[0m [32mINF[0m [1mhttp access[0m [36mlatency=[0m0.7676 [36mmethod=[0mGET [36mpath=[0m/v1/balances [36mrequest_id=[0m1705ab30-80d3-4b28-a2da-3b731f14bf75 [36mservice=[0mgateway [36mstatus=[0m200
[90m2026-05-29T17:01:58+08:00[0m [32mINF[0m [1mhttp access[0m [36mlatency=[0m0.693138 [36mmethod=[0mGET [36mpath=[0m/v1/balances/BTC [36mrequest_id=[0mfdcbf082-9526-4ae0-b34a-443ca4997be6 [36mservice=[0mgateway [36mstatus=[0m200
